#
# A fatal error has been detected by the Java Runtime Environment:
#
#  EXCEPTION_ACCESS_VIOLATION (0xc0000005) at pc=0x00007ffa113c3bc9, pid=27836, tid=34524
#
# JRE version: Java(TM) SE Runtime Environment 18.9 (11.0.8+10) (build 11.0.8+10-LTS)
# Java VM: Java HotSpot(TM) 64-Bit Server VM 18.9 (11.0.8+10-LTS, mixed mode, tiered, compressed oops, parallel gc, windows-amd64)
# Problematic frame:
# V  [jvm.dll+0x513bc9]
#
# No core dump will be written. Minidumps are not enabled by default on client versions of Windows
#
# If you would like to submit a bug report, please visit:
#   https://bugreport.java.com/bugreport/crash.jsp
#

---------------  S U M M A R Y ------------

Command Line: --add-modules=ALL-SYSTEM --add-opens=java.base/java.util=ALL-UNNAMED --add-opens=java.base/java.lang=ALL-UNNAMED -Declipse.application=org.eclipse.jdt.ls.core.id1 -Dosgi.bundles.defaultStartLevel=4 -Declipse.product=org.eclipse.jdt.ls.core.product -Dfile.encoding=utf8 -DwatchParentProcess=false -XX:+UseParallelGC -XX:GCTimeRatio=4 -XX:AdaptiveSizePolicyWeight=90 -Dsun.zip.disableMemoryMapping=true -Xmx1G -Xms100m -Xverify:none c:\Users\miguel.lopez\.vscode\extensions\redhat.java-0.69.0\server\plugins\org.eclipse.equinox.launcher_1.5.800.v20200727-1323.jar -configuration c:\Users\miguel.lopez\AppData\Roaming\Code\User\globalStorage\redhat.java\0.69.0\config_win -data c:\Users\miguel.lopez\AppData\Roaming\Code\User\workspaceStorage\ac6c5396f132c579195ff4800f1325a1\redhat.java\jdt_ws

Host: Intel(R) Core(TM) i7-7700 CPU @ 3.60GHz, 8 cores, 15G,  Windows 10 , 64 bit Build 17763 (10.0.17763.475)
Time: Fri Oct 23 23:43:28 2020 SA Western Standard Time elapsed time: 10089 seconds (0d 2h 48m 9s)

---------------  T H R E A D  ---------------

Current thread (0x000001753561f800):  JavaThread "C2 CompilerThread0" daemon [_thread_in_native, id=34524, stack(0x0000005cc1000000,0x0000005cc1100000)]


Current CompileTask:
C2:10089605 31656 %s!   4       org.eclipse.debug.core.sourcelookup.containers.ExternalArchiveSourceContainer::searchRoots @ 103 (420 bytes)

Stack: [0x0000005cc1000000,0x0000005cc1100000],  sp=0x0000005cc10fafa8,  free space=1003k
Native frames: (J=compiled Java code, j=interpreted, Vv=VM code, C=native code)
V  [jvm.dll+0x513bc9]


siginfo: EXCEPTION_ACCESS_VIOLATION (0xc0000005), reading address 0x00000000000007ce


Register to memory mapping:

RIP=0x00007ffa113c3bc9 jvm.dll
RAX=0x000001751adf96a0 points into unknown readable memory: 70 ab 6c 11 fa 7f 00 00
RBX=0x0000000000000096 is an unknown value
RCX=0x0000005cc10fc080 is pointing into the stack for thread: 0x000001753561f800
RDX=0x00000000000007ce is an unknown value
RSP=0x0000005cc10fafa8 is pointing into the stack for thread: 0x000001753561f800
RBP=0x0 is NULL
RSI=0x0000017536db5270 points into unknown readable memory: 30 f3 6a 11 fa 7f 00 00
RDI=0x0000017549f190f0 points into unknown readable memory: 00 30 f1 49 75 01 00 00
R8 =0x0000005cc10fc080 is pointing into the stack for thread: 0x000001753561f800
R9 =0x000001753a21bd88 points into unknown readable memory: a0 96 df 1a 75 01 00 00
R10=0x0 is NULL
R11=0x0000000000000246 is an unknown value
R12=0x0000005cc10fb090 is pointing into the stack for thread: 0x000001753561f800
R13=0x0 is NULL
R14=0x00000175355c6d00 points into unknown readable memory: 00 00 00 00 00 00 00 00
R15=0x0000005cc10fb0d8 is pointing into the stack for thread: 0x000001753561f800


Registers:
RAX=0x000001751adf96a0, RBX=0x0000000000000096, RCX=0x0000005cc10fc080, RDX=0x00000000000007ce
RSP=0x0000005cc10fafa8, RBP=0x0000000000000000, RSI=0x0000017536db5270, RDI=0x0000017549f190f0
R8 =0x0000005cc10fc080, R9 =0x000001753a21bd88, R10=0x0000000000000000, R11=0x0000000000000246
R12=0x0000005cc10fb090, R13=0x0000000000000000, R14=0x00000175355c6d00, R15=0x0000005cc10fb0d8
RIP=0x00007ffa113c3bc9, EFLAGS=0x0000000000010246

Top of Stack: (sp=0x0000005cc10fafa8)
0x0000005cc10fafa8:   00007ffa113d591d 0000000000000096
0x0000005cc10fafb8:   0000005cc10fb150 0000005cc10fc080
0x0000005cc10fafc8:   0000017535871a80 00000175355c6d68
0x0000005cc10fafd8:   0000000000000003 0000005cc10fb0d8
0x0000005cc10fafe8:   0000005cc10fb090 0000017549f13000
0x0000005cc10faff8:   00007ffa113d5801 0000000000000000
0x0000005cc10fb008:   0000005cc10fb150 0000005cc10fc080
0x0000005cc10fb018:   0000000000000003 00000175355c6d00
0x0000005cc10fb028:   00007ffa116d8088 0000017534b86eb0
0x0000005cc10fb038:   00000175355c6d00 0000000000000085
0x0000005cc10fb048:   00007ffa113d3a8c 0000005cc10fc080
0x0000005cc10fb058:   0000005c0000052c 0000005cc10fc080
0x0000005cc10fb068:   00000175475fc000 0000000000000000
0x0000005cc10fb078:   0000000000008000 0000017502000002
0x0000005cc10fb088:   0000017518cc0150 00007ffa1173b460
0x0000005cc10fb098:   0000017534b86eb0 0000000000000002 

Instructions: (pc=0x00007ffa113c3bc9)
0x00007ffa113c3ba9:   cc cc cc cc cc cc cc 8b 52 28 4c 8b c1 48 8b 81
0x00007ffa113c3bb9:   f8 09 00 00 4c 8d 0c d0 48 8b 04 d0 48 8b 50 08
0x00007ffa113c3bc9:   48 83 3a 00 75 24 8b 51 28 8b 48 28 3b ca 73 0a
0x00007ffa113c3bd9:   49 8b 40 30 48 8b 04 c8 eb 02 33 c0 48 83 e0 fe 


Stack slot to memory mapping:
stack at sp + 0 slots: 0x00007ffa113d591d jvm.dll
stack at sp + 1 slots: 0x0000000000000096 is an unknown value
stack at sp + 2 slots: 0x0000005cc10fb150 is pointing into the stack for thread: 0x000001753561f800
stack at sp + 3 slots: 0x0000005cc10fc080 is pointing into the stack for thread: 0x000001753561f800
stack at sp + 4 slots: 0x0000017535871a80 points into unknown readable memory: 00 00 00 00 00 00 00 00
stack at sp + 5 slots: 0x00000175355c6d68 points into unknown readable memory: 00 f8 61 35 75 01 00 00
stack at sp + 6 slots: 0x0000000000000003 is an unknown value
stack at sp + 7 slots: 0x0000005cc10fb0d8 is pointing into the stack for thread: 0x000001753561f800


---------------  P R O C E S S  ---------------

Threads class SMR info:
_java_thread_list=0x000001753a8b3710, length=49, elements={
0x000001751adf5800, 0x0000017534acd000, 0x0000017534acf000, 0x000001753561d800,
0x000001753561e800, 0x000001753561f800, 0x00000175355d1000, 0x0000017535678800,
0x0000017535786000, 0x0000017535917000, 0x000001753734c000, 0x00000175371be000,
0x00000175373be000, 0x0000017537359000, 0x00000175380f9800, 0x00000175386ec000,
0x000001753872f000, 0x0000017538730800, 0x000001753714a000, 0x000001753714e000,
0x0000017537149000, 0x000001753a73e800, 0x000001753a739800, 0x000001753a73f800,
0x000001753a73d000, 0x0000017545d36000, 0x0000017545d3d800, 0x0000017545d3f000,
0x0000017545d3c000, 0x0000017545d3b000, 0x0000017545d35800, 0x0000017545d39800,
0x0000017545d37800, 0x0000017545d42800, 0x0000017545d3e800, 0x0000017545d3c800,
0x0000017545d43000, 0x0000017545d40000, 0x0000017545d40800, 0x000001753714f000,
0x000001753714c800, 0x000001753714f800, 0x0000017537150800, 0x000001753714a800,
0x000001753714b800, 0x0000017537156000, 0x0000017537157000, 0x0000017537151800,
0x0000017537158000
}

Java Threads: ( => current thread )
  0x000001751adf5800 JavaThread "main" [_thread_blocked, id=33432, stack(0x0000005cc0900000,0x0000005cc0a00000)]
  0x0000017534acd000 JavaThread "Reference Handler" daemon [_thread_blocked, id=36008, stack(0x0000005cc0c00000,0x0000005cc0d00000)]
  0x0000017534acf000 JavaThread "Finalizer" daemon [_thread_blocked, id=6656, stack(0x0000005cc0d00000,0x0000005cc0e00000)]
  0x000001753561d800 JavaThread "Signal Dispatcher" daemon [_thread_blocked, id=17460, stack(0x0000005cc0e00000,0x0000005cc0f00000)]
  0x000001753561e800 JavaThread "Attach Listener" daemon [_thread_blocked, id=36028, stack(0x0000005cc0f00000,0x0000005cc1000000)]
=>0x000001753561f800 JavaThread "C2 CompilerThread0" daemon [_thread_in_native, id=34524, stack(0x0000005cc1000000,0x0000005cc1100000)]
  0x00000175355d1000 JavaThread "C1 CompilerThread0" daemon [_thread_blocked, id=37824, stack(0x0000005cc1100000,0x0000005cc1200000)]
  0x0000017535678800 JavaThread "Sweeper thread" daemon [_thread_blocked, id=1708, stack(0x0000005cc1200000,0x0000005cc1300000)]
  0x0000017535786000 JavaThread "Common-Cleaner" daemon [_thread_blocked, id=8004, stack(0x0000005cc1300000,0x0000005cc1400000)]
  0x0000017535917000 JavaThread "Service Thread" daemon [_thread_blocked, id=34552, stack(0x0000005cc1500000,0x0000005cc1600000)]
  0x000001753734c000 JavaThread "Active Thread: Equinox Container: 3b0dbba3-d8e9-4cdd-ae16-4a514341eb9e" [_thread_blocked, id=9496, stack(0x0000005cc1800000,0x0000005cc1900000)]
  0x00000175371be000 JavaThread "Framework Event Dispatcher: Equinox Container: 3b0dbba3-d8e9-4cdd-ae16-4a514341eb9e" daemon [_thread_blocked, id=19496, stack(0x0000005cc1900000,0x0000005cc1a00000)]
  0x00000175373be000 JavaThread "Start Level: Equinox Container: 3b0dbba3-d8e9-4cdd-ae16-4a514341eb9e" daemon [_thread_blocked, id=11172, stack(0x0000005cc1a00000,0x0000005cc1b00000)]
  0x0000017537359000 JavaThread "SCR Component Actor" daemon [_thread_blocked, id=24392, stack(0x0000005cc1e00000,0x0000005cc1f00000)]
  0x00000175380f9800 JavaThread "Worker-JM" [_thread_blocked, id=31544, stack(0x0000005cc1400000,0x0000005cc1500000)]
  0x00000175386ec000 JavaThread "Java indexing" daemon [_thread_blocked, id=35916, stack(0x0000005cc2600000,0x0000005cc2700000)]
  0x000001753872f000 JavaThread "pool-1-thread-1" [_thread_in_native, id=13248, stack(0x0000005cc2700000,0x0000005cc2800000)]
  0x0000017538730800 JavaThread "Bundle File Closer" daemon [_thread_blocked, id=35616, stack(0x0000005cc1f00000,0x0000005cc2000000)]
  0x000001753714a000 JavaThread "Java Debug Server" daemon [_thread_in_native, id=36628, stack(0x0000005cc2900000,0x0000005cc2a00000)]
  0x000001753714e000 JavaThread "RxSchedulerPurge-1" daemon [_thread_blocked, id=29136, stack(0x0000005cc3300000,0x0000005cc3400000)]
  0x0000017537149000 JavaThread "RxCachedWorkerPoolEvictor-1" daemon [_thread_blocked, id=19440, stack(0x0000005cc3400000,0x0000005cc3500000)]
  0x000001753a73e800 JavaThread "ForkJoinPool.commonPool-worker-15" daemon [_thread_blocked, id=18048, stack(0x0000005cc0700000,0x0000005cc0800000)]
  0x000001753a739800 JavaThread "ForkJoinPool.commonPool-worker-3" daemon [_thread_blocked, id=33944, stack(0x0000005cc1700000,0x0000005cc1800000)]
  0x000001753a73f800 JavaThread "Worker-87" [_thread_blocked, id=29352, stack(0x0000005cc3000000,0x0000005cc3100000)]
  0x000001753a73d000 JavaThread "ForkJoinPool.commonPool-worker-13" daemon [_thread_blocked, id=34176, stack(0x0000005cc2800000,0x0000005cc2900000)]
  0x0000017545d36000 JavaThread "ForkJoinPool.commonPool-worker-1" daemon [_thread_blocked, id=7600, stack(0x0000005cc2000000,0x0000005cc2100000)]
  0x0000017545d3d800 JavaThread "ForkJoinPool.commonPool-worker-5" daemon [_thread_blocked, id=30028, stack(0x0000005cc2a00000,0x0000005cc2b00000)]
  0x0000017545d3f000 JavaThread "ForkJoinPool.commonPool-worker-7" daemon [_thread_blocked, id=31728, stack(0x0000005cc2c00000,0x0000005cc2d00000)]
  0x0000017545d3c000 JavaThread "ForkJoinPool.commonPool-worker-9" daemon [_thread_blocked, id=28256, stack(0x0000005cc2d00000,0x0000005cc2e00000)]
  0x0000017545d3b000 JavaThread "Worker-95" [_thread_blocked, id=29924, stack(0x0000005cc0800000,0x0000005cc0900000)]
  0x0000017545d35800 JavaThread "pool-128-thread-1" [_thread_blocked, id=11124, stack(0x0000005cc0600000,0x0000005cc0700000)]
  0x0000017545d39800 JavaThread "pool-129-thread-1" [_thread_blocked, id=20472, stack(0x0000005cc2500000,0x0000005cc2600000)]
  0x0000017545d37800 JavaThread "pool-130-thread-1" [_thread_blocked, id=4256, stack(0x0000005cc2b00000,0x0000005cc2c00000)]
  0x0000017545d42800 JavaThread "Worker-96" [_thread_blocked, id=1944, stack(0x0000005cc2e00000,0x0000005cc2f00000)]
  0x0000017545d3e800 JavaThread "pool-131-thread-1" [_thread_blocked, id=6944, stack(0x0000005cc2f00000,0x0000005cc3000000)]
  0x0000017545d3c800 JavaThread "pool-132-thread-1" [_thread_blocked, id=22608, stack(0x0000005cc3100000,0x0000005cc3200000)]
  0x0000017545d43000 JavaThread "pool-133-thread-1" [_thread_blocked, id=31032, stack(0x0000005cc3600000,0x0000005cc3700000)]
  0x0000017545d40000 JavaThread "pool-134-thread-1" [_thread_blocked, id=33636, stack(0x0000005cc3700000,0x0000005cc3800000)]
  0x0000017545d40800 JavaThread "pool-135-thread-1" [_thread_blocked, id=25280, stack(0x0000005cc3800000,0x0000005cc3900000)]
  0x000001753714f000 JavaThread "pool-136-thread-1" [_thread_blocked, id=25112, stack(0x0000005cc3900000,0x0000005cc3a00000)]
  0x000001753714c800 JavaThread "pool-137-thread-1" [_thread_blocked, id=18336, stack(0x0000005cc3a00000,0x0000005cc3b00000)]
  0x000001753714f800 JavaThread "Worker-97" [_thread_blocked, id=32976, stack(0x0000005cc3b00000,0x0000005cc3c00000)]
  0x0000017537150800 JavaThread "Worker-98" [_thread_blocked, id=1412, stack(0x0000005cc3c00000,0x0000005cc3d00000)]
  0x000001753714a800 JavaThread "pool-2-thread-13" [_thread_in_native, id=27152, stack(0x0000005cc3d00000,0x0000005cc3e00000)]
  0x000001753714b800 JavaThread "RxNewThreadScheduler-27" daemon [_thread_blocked, id=18784, stack(0x0000005cc3e00000,0x0000005cc3f00000)]
  0x0000017537156000 JavaThread "Thread-66" daemon [_thread_in_native, id=23144, stack(0x0000005cc3f00000,0x0000005cc4000000)]
  0x0000017537157000 JavaThread "Debuggee Stdout Handler" daemon [_thread_in_native, id=28936, stack(0x0000005cc4000000,0x0000005cc4100000)]
  0x0000017537151800 JavaThread "Debuggee Stderr Handler" daemon [_thread_in_native, id=8344, stack(0x0000005cc4100000,0x0000005cc4200000)]
  0x0000017537158000 JavaThread "RxNewThreadScheduler-28" daemon [_thread_blocked, id=35120, stack(0x0000005cc4200000,0x0000005cc4300000)]

Other Threads:
  0x00000175355c4800 VMThread "VM Thread" [stack: 0x0000005cc0b00000,0x0000005cc0c00000] [id=18548]
  0x00000175358b2800 WatcherThread [stack: 0x0000005cc1600000,0x0000005cc1700000] [id=20548]
  0x000001751ae0c000 GCTaskThread "ParGC Thread#0" [stack: 0x0000005cc0a00000,0x0000005cc0b00000] [id=35420]
  0x000001753735a800 GCTaskThread "ParGC Thread#1" [stack: 0x0000005cc1b00000,0x0000005cc1c00000] [id=33100]
  0x000001753735e000 GCTaskThread "ParGC Thread#2" [stack: 0x0000005cc1c00000,0x0000005cc1d00000] [id=31860]
  0x000001753729d800 GCTaskThread "ParGC Thread#3" [stack: 0x0000005cc1d00000,0x0000005cc1e00000] [id=22364]
  0x0000017538457800 GCTaskThread "ParGC Thread#4" [stack: 0x0000005cc2100000,0x0000005cc2200000] [id=35280]
  0x0000017538458800 GCTaskThread "ParGC Thread#5" [stack: 0x0000005cc2200000,0x0000005cc2300000] [id=37528]
  0x0000017538428000 GCTaskThread "ParGC Thread#6" [stack: 0x0000005cc2300000,0x0000005cc2400000] [id=27460]
  0x000001753842d000 GCTaskThread "ParGC Thread#7" [stack: 0x0000005cc2400000,0x0000005cc2500000] [id=30680]

Threads with active compile tasks:
C2 CompilerThread010089620 31656 %s!   4       org.eclipse.debug.core.sourcelookup.containers.ExternalArchiveSourceContainer::searchRoots @ 103 (420 bytes)

VM state:not at safepoint (normal execution)

VM Mutex/Monitor currently owned by a thread: None

Heap address: 0x00000000c0000000, size: 1024 MB, Compressed Oops mode: 32-bit
Narrow klass base: 0x0000000000000000, Narrow klass shift: 3
Compressed class space size: 1073741824 Address: 0x0000000100000000

Heap:
 PSYoungGen      total 9728K, used 1089K [0x00000000eab00000, 0x00000000eb980000, 0x0000000100000000)
  eden space 8704K, 9% used [0x00000000eab00000,0x00000000eabd0718,0x00000000eb380000)
  from space 1024K, 25% used [0x00000000eb780000,0x00000000eb7c0000,0x00000000eb880000)
  to   space 512K, 0% used [0x00000000eb900000,0x00000000eb900000,0x00000000eb980000)
 ParOldGen       total 306176K, used 184018K [0x00000000c0000000, 0x00000000d2b00000, 0x00000000eab00000)
  object space 306176K, 60% used [0x00000000c0000000,0x00000000cb3b49d0,0x00000000d2b00000)
 Metaspace       used 90624K, capacity 94552K, committed 94808K, reserved 1134592K
  class space    used 7962K, capacity 9265K, committed 9344K, reserved 1048576K

Card table byte_map: [0x000001751a760000,0x000001751a970000] _byte_map_base: 0x000001751a160000

Marking Bits: (ParMarkBitMap*) 0x00007ffa118de2a0
 Begin Bits: [0x0000017532190000, 0x0000017533190000)
 End Bits:   [0x0000017533190000, 0x0000017534190000)

Polling page: 0x0000017518c60000

Metaspace:

Usage:
  Non-class:     83.29 MB capacity,    80.72 MB ( 97%) used,     2.36 MB (  3%) free+waste,   204.56 KB ( <1%) overhead. 
      Class:      9.05 MB capacity,     7.78 MB ( 86%) used,     1.19 MB ( 13%) free+waste,    82.63 KB ( <1%) overhead. 
       Both:     92.34 MB capacity,    88.50 MB ( 96%) used,     3.56 MB (  4%) free+waste,   287.19 KB ( <1%) overhead. 

Virtual space:
  Non-class space:       84.00 MB reserved,      83.46 MB (>99%) committed 
      Class space:        1.00 GB reserved,       9.13 MB ( <1%) committed 
             Both:        1.08 GB reserved,      92.59 MB (  8%) committed 

Chunk freelists:
   Non-Class:  6.13 KB
       Class:  128 bytes
        Both:  6.25 KB

CodeHeap 'non-profiled nmethods': size=120000Kb used=30678Kb max_used=30678Kb free=89321Kb
 bounds [0x000001752ac60000, 0x000001752cac0000, 0x0000017532190000]
CodeHeap 'profiled nmethods': size=120000Kb used=45710Kb max_used=46473Kb free=74289Kb
 bounds [0x0000017523730000, 0x0000017526530000, 0x000001752ac60000]
CodeHeap 'non-nmethods': size=5760Kb used=1326Kb max_used=1450Kb free=4433Kb
 bounds [0x0000017523190000, 0x0000017523400000, 0x0000017523730000]
 total_blobs=20991 nmethods=20259 adapters=637
 compilation: enabled
              stopped_count=0, restarted_count=0
 full_count=0

Compilation events (10 events):
Event: 10085.669 Thread 0x00000175355d1000 31653       3       com.microsoft.java.debug.core.adapter.DebugAdapter::registerHandlerForDebug (10 bytes)
Event: 10085.669 Thread 0x00000175355d1000 nmethod 31653 0x0000017523ed1490 code [0x0000017523ed1640, 0x0000017523ed17d0]
Event: 10089.487 Thread 0x00000175355d1000 31654       3       org.eclipse.jdt.internal.launching.RuntimeClasspathEntry::findClasspathAttribute (39 bytes)
Event: 10089.488 Thread 0x00000175355d1000 nmethod 31654 0x000001752420dc90 code [0x000001752420de60, 0x000001752420e230]
Event: 10089.492 Thread 0x00000175355d1000 31655       3       org.eclipse.core.internal.localstore.FileSystemResourceManager::resourceForLocation (185 bytes)
Event: 10089.493 Thread 0x00000175355d1000 nmethod 31655 0x0000017524f08010 code [0x0000017524f082c0, 0x0000017524f090a0]
Event: 10089.511 Thread 0x000001753561f800 31656 %s!   4       org.eclipse.debug.core.sourcelookup.containers.ExternalArchiveSourceContainer::searchRoots @ 103 (420 bytes)
Event: 10089.513 Thread 0x00000175355d1000 31657       3       io.reactivex.internal.operators.observable.ObservableFromArray$FromArrayDisposable::run (107 bytes)
Event: 10089.513 Thread 0x00000175355d1000 nmethod 31657 0x0000017524f18b10 code [0x0000017524f18dc0, 0x0000017524f19aa0]
Event: 10089.525 Thread 0x00000175355d1000 31658       3       org.eclipse.core.internal.resources.LocationValidator::validatePath (345 bytes)

GC Heap History (10 events):
Event: 10084.119 GC heap before
{Heap before GC invocations=11189 (full 246):
 PSYoungGen      total 10752K, used 1696K [0x00000000eab00000, 0x00000000ebd00000, 0x0000000100000000)
  eden space 8704K, 0% used [0x00000000eab00000,0x00000000eab00000,0x00000000eb380000)
  from space 2048K, 82% used [0x00000000eb600000,0x00000000eb7a8000,0x00000000eb800000)
  to   space 2560K, 0% used [0x00000000eba80000,0x00000000eba80000,0x00000000ebd00000)
 ParOldGen       total 304640K, used 301896K [0x00000000c0000000, 0x00000000d2980000, 0x00000000eab00000)
  object space 304640K, 99% used [0x00000000c0000000,0x00000000d26d22f0,0x00000000d2980000)
 Metaspace       used 90604K, capacity 94487K, committed 94808K, reserved 1134592K
  class space    used 7962K, capacity 9265K, committed 9344K, reserved 1048576K
}
Event: 10084.252 GC heap after
{Heap after GC invocations=11189 (full 246):
 PSYoungGen      total 9216K, used 0K [0x00000000eab00000, 0x00000000ebb00000, 0x0000000100000000)
  eden space 8704K, 0% used [0x00000000eab00000,0x00000000eab00000,0x00000000eb380000)
  from space 512K, 0% used [0x00000000eba80000,0x00000000eba80000,0x00000000ebb00000)
  to   space 2560K, 0% used [0x00000000eb600000,0x00000000eb600000,0x00000000eb880000)
 ParOldGen       total 306176K, used 179894K [0x00000000c0000000, 0x00000000d2b00000, 0x00000000eab00000)
  object space 306176K, 58% used [0x00000000c0000000,0x00000000cafad818,0x00000000d2b00000)
 Metaspace       used 90604K, capacity 94487K, committed 94808K, reserved 1134592K
  class space    used 7962K, capacity 9265K, committed 9344K, reserved 1048576K
}
Event: 10084.268 GC heap before
{Heap before GC invocations=11190 (full 246):
 PSYoungGen      total 9216K, used 8704K [0x00000000eab00000, 0x00000000ebb00000, 0x0000000100000000)
  eden space 8704K, 100% used [0x00000000eab00000,0x00000000eb380000,0x00000000eb380000)
  from space 512K, 0% used [0x00000000eba80000,0x00000000eba80000,0x00000000ebb00000)
  to   space 2560K, 0% used [0x00000000eb600000,0x00000000eb600000,0x00000000eb880000)
 ParOldGen       total 306176K, used 179894K [0x00000000c0000000, 0x00000000d2b00000, 0x00000000eab00000)
  object space 306176K, 58% used [0x00000000c0000000,0x00000000cafad818,0x00000000d2b00000)
 Metaspace       used 90604K, capacity 94487K, committed 94808K, reserved 1134592K
  class space    used 7962K, capacity 9265K, committed 9344K, reserved 1048576K
}
Event: 10084.269 GC heap after
{Heap after GC invocations=11190 (full 246):
 PSYoungGen      total 11264K, used 1584K [0x00000000eab00000, 0x00000000ebb00000, 0x0000000100000000)
  eden space 8704K, 0% used [0x00000000eab00000,0x00000000eab00000,0x00000000eb380000)
  from space 2560K, 61% used [0x00000000eb600000,0x00000000eb78c010,0x00000000eb880000)
  to   space 2048K, 0% used [0x00000000eb900000,0x00000000eb900000,0x00000000ebb00000)
 ParOldGen       total 306176K, used 179894K [0x00000000c0000000, 0x00000000d2b00000, 0x00000000eab00000)
  object space 306176K, 58% used [0x00000000c0000000,0x00000000cafad818,0x00000000d2b00000)
 Metaspace       used 90604K, capacity 94487K, committed 94808K, reserved 1134592K
  class space    used 7962K, capacity 9265K, committed 9344K, reserved 1048576K
}
Event: 10084.285 GC heap before
{Heap before GC invocations=11191 (full 246):
 PSYoungGen      total 11264K, used 10288K [0x00000000eab00000, 0x00000000ebb00000, 0x0000000100000000)
  eden space 8704K, 100% used [0x00000000eab00000,0x00000000eb380000,0x00000000eb380000)
  from space 2560K, 61% used [0x00000000eb600000,0x00000000eb78c010,0x00000000eb880000)
  to   space 2048K, 0% used [0x00000000eb900000,0x00000000eb900000,0x00000000ebb00000)
 ParOldGen       total 306176K, used 179894K [0x00000000c0000000, 0x00000000d2b00000, 0x00000000eab00000)
  object space 306176K, 58% used [0x00000000c0000000,0x00000000cafad818,0x00000000d2b00000)
 Metaspace       used 90604K, capacity 94487K, committed 94808K, reserved 1134592K
  class space    used 7962K, capacity 9265K, committed 9344K, reserved 1048576K
}
Event: 10084.287 GC heap after
{Heap after GC invocations=11191 (full 246):
 PSYoungGen      total 10240K, used 1440K [0x00000000eab00000, 0x00000000eba80000, 0x0000000100000000)
  eden space 8704K, 0% used [0x00000000eab00000,0x00000000eab00000,0x00000000eb380000)
  from space 1536K, 93% used [0x00000000eb900000,0x00000000eba68000,0x00000000eba80000)
  to   space 1536K, 0% used [0x00000000eb780000,0x00000000eb780000,0x00000000eb900000)
 ParOldGen       total 306176K, used 181322K [0x00000000c0000000, 0x00000000d2b00000, 0x00000000eab00000)
  object space 306176K, 59% used [0x00000000c0000000,0x00000000cb1129a8,0x00000000d2b00000)
 Metaspace       used 90604K, capacity 94487K, committed 94808K, reserved 1134592K
  class space    used 7962K, capacity 9265K, committed 9344K, reserved 1048576K
}
Event: 10085.653 GC heap before
{Heap before GC invocations=11192 (full 246):
 PSYoungGen      total 10240K, used 10134K [0x00000000eab00000, 0x00000000eba80000, 0x0000000100000000)
  eden space 8704K, 99% used [0x00000000eab00000,0x00000000eb37d9e8,0x00000000eb380000)
  from space 1536K, 93% used [0x00000000eb900000,0x00000000eba68000,0x00000000eba80000)
  to   space 1536K, 0% used [0x00000000eb780000,0x00000000eb780000,0x00000000eb900000)
 ParOldGen       total 306176K, used 181322K [0x00000000c0000000, 0x00000000d2b00000, 0x00000000eab00000)
  object space 306176K, 59% used [0x00000000c0000000,0x00000000cb1129a8,0x00000000d2b00000)
 Metaspace       used 90607K, capacity 94487K, committed 94808K, reserved 1134592K
  class space    used 7962K, capacity 9265K, committed 9344K, reserved 1048576K
}
Event: 10085.655 GC heap after
{Heap after GC invocations=11192 (full 246):
 PSYoungGen      total 10240K, used 1232K [0x00000000eab00000, 0x00000000eb980000, 0x0000000100000000)
  eden space 8704K, 0% used [0x00000000eab00000,0x00000000eab00000,0x00000000eb380000)
  from space 1536K, 80% used [0x00000000eb780000,0x00000000eb8b4010,0x00000000eb900000)
  to   space 512K, 0% used [0x00000000eb900000,0x00000000eb900000,0x00000000eb980000)
 ParOldGen       total 306176K, used 182610K [0x00000000c0000000, 0x00000000d2b00000, 0x00000000eab00000)
  object space 306176K, 59% used [0x00000000c0000000,0x00000000cb2548d0,0x00000000d2b00000)
 Metaspace       used 90607K, capacity 94487K, committed 94808K, reserved 1134592K
  class space    used 7962K, capacity 9265K, committed 9344K, reserved 1048576K
}
Event: 10089.515 GC heap before
{Heap before GC invocations=11193 (full 246):
 PSYoungGen      total 10240K, used 9936K [0x00000000eab00000, 0x00000000eb980000, 0x0000000100000000)
  eden space 8704K, 100% used [0x00000000eab00000,0x00000000eb380000,0x00000000eb380000)
  from space 1536K, 80% used [0x00000000eb780000,0x00000000eb8b4010,0x00000000eb900000)
  to   space 512K, 0% used [0x00000000eb900000,0x00000000eb900000,0x00000000eb980000)
 ParOldGen       total 306176K, used 182610K [0x00000000c0000000, 0x00000000d2b00000, 0x00000000eab00000)
  object space 306176K, 59% used [0x00000000c0000000,0x00000000cb2548d0,0x00000000d2b00000)
 Metaspace       used 90610K, capacity 94551K, committed 94808K, reserved 1134592K
  class space    used 7962K, capacity 9265K, committed 9344K, reserved 1048576K
}
Event: 10089.516 GC heap after
{Heap after GC invocations=11193 (full 246):
 PSYoungGen      total 9216K, used 448K [0x00000000eab00000, 0x00000000eb980000, 0x0000000100000000)
  eden space 8704K, 0% used [0x00000000eab00000,0x00000000eab00000,0x00000000eb380000)
  from space 512K, 87% used [0x00000000eb900000,0x00000000eb970050,0x00000000eb980000)
  to   space 1024K, 0% used [0x00000000eb780000,0x00000000eb780000,0x00000000eb880000)
 ParOldGen       total 306176K, used 183658K [0x00000000c0000000, 0x00000000d2b00000, 0x00000000eab00000)
  object space 306176K, 59% used [0x00000000c0000000,0x00000000cb35a8e0,0x00000000d2b00000)
 Metaspace       used 90610K, capacity 94551K, committed 94808K, reserved 1134592K
  class space    used 7962K, capacity 9265K, committed 9344K, reserved 1048576K
}

Deoptimization events (10 events):
Event: 10078.804 Thread 0x000001753a73f800 Uncommon trap: reason=unstable_if action=reinterpret pc=0x000001752b7f03e4 method=org.eclipse.jdt.internal.compiler.lookup.CompilationUnitScope.<init>(Lorg/eclipse/jdt/internal/compiler/ast/CompilationUnitDeclaration;Lorg/eclipse/jdt/internal/compiler/imp
Event: 10078.804 Thread 0x000001753a73f800 Uncommon trap: reason=unstable_if action=reinterpret pc=0x000001752c6a2394 method=org.eclipse.jdt.internal.compiler.lookup.CompilationUnitScope.buildTypeBindings(Lorg/eclipse/jdt/internal/compiler/env/AccessRestriction;)V @ 128 c2
Event: 10078.804 Thread 0x000001753a73f800 Uncommon trap: reason=unstable_if action=reinterpret pc=0x000001752b23a578 method=org.eclipse.jdt.internal.compiler.ast.CompilationUnitDeclaration.getMainTypeName()[C @ 7 c2
Event: 10078.804 Thread 0x000001753a73f800 Uncommon trap: reason=null_check action=make_not_entrant pc=0x000001752b7171ec method=org.eclipse.jdt.internal.compiler.lookup.LookupEnvironment.askForType(Lorg/eclipse/jdt/internal/compiler/lookup/PackageBinding;[CLorg/eclipse/jdt/internal/compiler/looku
Event: 10078.805 Thread 0x000001753a73f800 Uncommon trap: reason=class_check action=maybe_recompile pc=0x000001752bf59c08 method=org.eclipse.jdt.internal.compiler.ClassFile.addFieldAttributes(Lorg/eclipse/jdt/internal/compiler/lookup/FieldBinding;I)I @ 346 c2
Event: 10078.844 Thread 0x000001753a73f800 Uncommon trap: reason=unstable_if action=reinterpret pc=0x000001752bd529f8 method=org.eclipse.jdt.internal.compiler.ClassFile.generateMethodInfoHeader(Lorg/eclipse/jdt/internal/compiler/lookup/MethodBinding;I)V @ 58 c2
Event: 10078.848 Thread 0x000001753a73f800 Uncommon trap: reason=class_check action=maybe_recompile pc=0x000001752bf59c08 method=org.eclipse.jdt.internal.compiler.ClassFile.addFieldAttributes(Lorg/eclipse/jdt/internal/compiler/lookup/FieldBinding;I)I @ 346 c2
Event: 10078.864 Thread 0x000001753a73f800 Uncommon trap: reason=class_check action=maybe_recompile pc=0x000001752c920a64 method=org.eclipse.jdt.internal.compiler.lookup.ElementValuePair.getValue(Lorg/eclipse/jdt/internal/compiler/ast/Expression;)Ljava/lang/Object; @ 163 c2
Event: 10078.866 Thread 0x000001753a73f800 Uncommon trap: reason=class_check action=maybe_recompile pc=0x000001752c920a64 method=org.eclipse.jdt.internal.compiler.lookup.ElementValuePair.getValue(Lorg/eclipse/jdt/internal/compiler/ast/Expression;)Ljava/lang/Object; @ 163 c2
Event: 10078.867 Thread 0x000001753a73f800 Uncommon trap: reason=class_check action=maybe_recompile pc=0x000001752c920a64 method=org.eclipse.jdt.internal.compiler.lookup.ElementValuePair.getValue(Lorg/eclipse/jdt/internal/compiler/ast/Expression;)Ljava/lang/Object; @ 163 c2

Classes redefined (0 events):
No events

Internal exceptions (10 events):
Event: 10089.518 Thread 0x0000017537158000 Exception <a 'sun/nio/fs/WindowsException'{0x00000000eab60570}> (0x00000000eab60570) thrown at [./open/src/hotspot/share/prims/jni.cpp, line 611]
Event: 10089.520 Thread 0x0000017537158000 Exception <a 'sun/nio/fs/WindowsException'{0x00000000eab82990}> (0x00000000eab82990) thrown at [./open/src/hotspot/share/prims/jni.cpp, line 611]
Event: 10089.520 Thread 0x0000017537158000 Exception <a 'sun/nio/fs/WindowsException'{0x00000000eabd2968}> (0x00000000eabd2968) thrown at [./open/src/hotspot/share/prims/jni.cpp, line 611]
Event: 10089.521 Thread 0x0000017537158000 Exception <a 'sun/nio/fs/WindowsException'{0x00000000eabd53d0}> (0x00000000eabd53d0) thrown at [./open/src/hotspot/share/prims/jni.cpp, line 611]
Event: 10089.522 Thread 0x0000017537158000 Exception <a 'sun/nio/fs/WindowsException'{0x00000000eabf9408}> (0x00000000eabf9408) thrown at [./open/src/hotspot/share/prims/jni.cpp, line 611]
Event: 10089.523 Thread 0x0000017537158000 Exception <a 'sun/nio/fs/WindowsException'{0x00000000eac531e0}> (0x00000000eac531e0) thrown at [./open/src/hotspot/share/prims/jni.cpp, line 611]
Event: 10089.523 Thread 0x0000017537158000 Exception <a 'sun/nio/fs/WindowsException'{0x00000000eac55c68}> (0x00000000eac55c68) thrown at [./open/src/hotspot/share/prims/jni.cpp, line 611]
Event: 10089.524 Thread 0x0000017537158000 Exception <a 'sun/nio/fs/WindowsException'{0x00000000eac77a48}> (0x00000000eac77a48) thrown at [./open/src/hotspot/share/prims/jni.cpp, line 611]
Event: 10089.525 Thread 0x0000017537158000 Exception <a 'sun/nio/fs/WindowsException'{0x00000000eacbea30}> (0x00000000eacbea30) thrown at [./open/src/hotspot/share/prims/jni.cpp, line 611]
Event: 10089.525 Thread 0x0000017537158000 Exception <a 'sun/nio/fs/WindowsException'{0x00000000eacc0f10}> (0x00000000eacc0f10) thrown at [./open/src/hotspot/share/prims/jni.cpp, line 611]

Events (10 events):
Event: 10085.691 Thread 0x0000017537156000 Thread added: 0x0000017537156000
Event: 10085.691 Thread 0x0000017537157000 Thread added: 0x0000017537157000
Event: 10085.691 Thread 0x0000017537151800 Thread added: 0x0000017537151800
Event: 10086.798 Thread 0x0000017537158000 Thread added: 0x0000017537158000
Event: 10086.798 Executing VM operation: RevokeBias
Event: 10086.798 Executing VM operation: RevokeBias done
Event: 10086.798 Executing VM operation: BulkRevokeBias
Event: 10086.799 Executing VM operation: BulkRevokeBias done
Event: 10089.515 Executing VM operation: ParallelGCFailedAllocation
Event: 10089.516 Executing VM operation: ParallelGCFailedAllocation done


Dynamic libraries:
0x00007ff7bafe0000 - 0x00007ff7bafef000 	C:\Program Files\Java\jdk-11.0.8\bin\java.exe
0x00007ffa7c910000 - 0x00007ffa7cafd000 	C:\WINDOWS\SYSTEM32\ntdll.dll
0x00007ffa7c590000 - 0x00007ffa7c643000 	C:\WINDOWS\System32\KERNEL32.dll
0x00007ffa78510000 - 0x00007ffa78642000 	C:\Windows\system32\hmpalert.dll
0x00007ffa78c80000 - 0x00007ffa78f14000 	C:\WINDOWS\System32\KERNELBASE.dll
0x00007ffa7c700000 - 0x00007ffa7c7a3000 	C:\WINDOWS\System32\ADVAPI32.dll
0x00007ffa7b6e0000 - 0x00007ffa7b77e000 	C:\WINDOWS\System32\msvcrt.dll
0x00007ffa7ba80000 - 0x00007ffa7bb1e000 	C:\WINDOWS\System32\sechost.dll
0x00007ffa7b030000 - 0x00007ffa7b152000 	C:\WINDOWS\System32\RPCRT4.dll
0x00007ffa6a6c0000 - 0x00007ffa6a74c000 	C:\WINDOWS\SYSTEM32\apphelp.dll
0x00007ffa78f20000 - 0x00007ffa7901a000 	C:\WINDOWS\System32\ucrtbase.dll
0x00007ffa62330000 - 0x00007ffa62348000 	C:\Program Files\Java\jdk-11.0.8\bin\jli.dll
0x00007ffa7b8e0000 - 0x00007ffa7ba77000 	C:\WINDOWS\System32\USER32.dll
0x00007ffa61690000 - 0x00007ffa616a5000 	C:\Program Files\Java\jdk-11.0.8\bin\VCRUNTIME140.dll
0x00007ffa78a40000 - 0x00007ffa78a60000 	C:\WINDOWS\System32\win32u.dll
0x00007ffa7b170000 - 0x00007ffa7b199000 	C:\WINDOWS\System32\GDI32.dll
0x00007ffa78ae0000 - 0x00007ffa78c7c000 	C:\WINDOWS\System32\gdi32full.dll
0x00007ffa792b0000 - 0x00007ffa79350000 	C:\WINDOWS\System32\msvcp_win.dll
0x00007ffa5fd90000 - 0x00007ffa60009000 	C:\WINDOWS\WinSxS\amd64_microsoft.windows.common-controls_6595b64144ccf1df_6.0.17763.1457_none_de7243e4534a70d1\COMCTL32.dll
0x00007ffa7bbd0000 - 0x00007ffa7befd000 	C:\WINDOWS\System32\combase.dll
0x00007ffa789c0000 - 0x00007ffa78a3e000 	C:\WINDOWS\System32\bcryptPrimitives.dll
0x00007ffa74e00000 - 0x00007ffa74e0a000 	C:\WINDOWS\SYSTEM32\VERSION.dll
0x00007ffa7bb90000 - 0x00007ffa7bbbe000 	C:\WINDOWS\System32\IMM32.DLL
0x00007ffa5f0d0000 - 0x00007ffa5f16b000 	C:\Program Files\Java\jdk-11.0.8\bin\msvcp140.dll
0x00007ffa10eb0000 - 0x00007ffa11996000 	C:\Program Files\Java\jdk-11.0.8\bin\server\jvm.dll
0x00007ffa7b160000 - 0x00007ffa7b168000 	C:\WINDOWS\System32\PSAPI.DLL
0x00007ffa70460000 - 0x00007ffa70484000 	C:\WINDOWS\SYSTEM32\WINMM.dll
0x00007ffa6a810000 - 0x00007ffa6a83d000 	C:\WINDOWS\SYSTEM32\WINMMBASE.dll
0x00007ffa79ae0000 - 0x00007ffa79b2a000 	C:\WINDOWS\System32\cfgmgr32.dll
0x00007ffa5a030000 - 0x00007ffa5a039000 	C:\WINDOWS\SYSTEM32\WSOCK32.dll
0x00007ffa7bb20000 - 0x00007ffa7bb8d000 	C:\WINDOWS\System32\WS2_32.dll
0x00007ffa78910000 - 0x00007ffa78921000 	C:\WINDOWS\System32\kernel.appcore.dll
0x00007ffa75970000 - 0x00007ffa75980000 	C:\Program Files\Java\jdk-11.0.8\bin\verify.dll
0x00007ffa5d660000 - 0x00007ffa5d84d000 	C:\WINDOWS\SYSTEM32\DBGHELP.DLL
0x00007ffa5d500000 - 0x00007ffa5d52a000 	C:\WINDOWS\SYSTEM32\dbgcore.DLL
0x00007ffa5f680000 - 0x00007ffa5f6a8000 	C:\Program Files\Java\jdk-11.0.8\bin\java.dll
0x00007ffa742e0000 - 0x00007ffa742ea000 	C:\Program Files\Java\jdk-11.0.8\bin\jimage.dll
0x00007ffa5f0b0000 - 0x00007ffa5f0c6000 	C:\Program Files\Java\jdk-11.0.8\bin\zip.dll
0x00007ffa79b30000 - 0x00007ffa7b029000 	C:\WINDOWS\System32\SHELL32.dll
0x00007ffa7b630000 - 0x00007ffa7b6d9000 	C:\WINDOWS\System32\shcore.dll
0x00007ffa79350000 - 0x00007ffa79aa2000 	C:\WINDOWS\System32\windows.storage.dll
0x00007ffa78990000 - 0x00007ffa789b4000 	C:\WINDOWS\System32\profapi.dll
0x00007ffa78930000 - 0x00007ffa7898d000 	C:\WINDOWS\System32\powrprof.dll
0x00007ffa7b5d0000 - 0x00007ffa7b622000 	C:\WINDOWS\System32\shlwapi.dll
0x00007ffa78ac0000 - 0x00007ffa78ad7000 	C:\WINDOWS\System32\cryptsp.dll
0x00007ffa5f090000 - 0x00007ffa5f0a9000 	C:\Program Files\Java\jdk-11.0.8\bin\net.dll
0x00007ffa725e0000 - 0x00007ffa726d2000 	C:\WINDOWS\SYSTEM32\WINHTTP.dll
0x00007ffa77fc0000 - 0x00007ffa78027000 	C:\WINDOWS\system32\mswsock.dll
0x00007ffa5e6f0000 - 0x00007ffa5e702000 	C:\Program Files\Java\jdk-11.0.8\bin\nio.dll
0x00007ffa77af0000 - 0x00007ffa77b23000 	C:\WINDOWS\system32\rsaenh.dll
0x00007ffa79ab0000 - 0x00007ffa79ad6000 	C:\WINDOWS\System32\bcrypt.dll
0x00007ffa78820000 - 0x00007ffa78848000 	C:\WINDOWS\SYSTEM32\USERENV.dll
0x00007ffa78140000 - 0x00007ffa7814c000 	C:\WINDOWS\SYSTEM32\CRYPTBASE.dll
0x00007ffa77cf0000 - 0x00007ffa77d2d000 	C:\WINDOWS\SYSTEM32\IPHLPAPI.DLL
0x00007ffa7b410000 - 0x00007ffa7b418000 	C:\WINDOWS\System32\NSI.dll
0x00007ffa76290000 - 0x00007ffa762a6000 	C:\WINDOWS\SYSTEM32\dhcpcsvc6.DLL
0x00007ffa76270000 - 0x00007ffa7628c000 	C:\WINDOWS\SYSTEM32\dhcpcsvc.DLL
0x00007ffa77d30000 - 0x00007ffa77df7000 	C:\WINDOWS\SYSTEM32\DNSAPI.dll
0x00007ffa59fb0000 - 0x00007ffa59fda000 	C:\Users\miguel.lopez\AppData\Roaming\Code\User\globalStorage\redhat.java\0.69.0\config_win\org.eclipse.equinox.launcher\org.eclipse.equinox.launcher.win32.win32.x86_64_1.1.1300.v20200819-0940\eclipse_11100.dll
0x00007ffa59f90000 - 0x00007ffa59fa1000 	C:\Users\miguel.lopez\AppData\Roaming\Code\User\globalStorage\redhat.java\0.69.0\config_win\org.eclipse.osgi\21\0\.cp\jWinHttp-1.0.0.dll
0x00007ffa7b780000 - 0x00007ffa7b8d6000 	C:\WINDOWS\System32\ole32.dll
0x00007ffa73ab0000 - 0x00007ffa73abd000 	C:\Program Files\Java\jdk-11.0.8\bin\sunmscapi.dll
0x00007ffa79020000 - 0x00007ffa791fc000 	C:\WINDOWS\System32\CRYPT32.dll
0x00007ffa788f0000 - 0x00007ffa78902000 	C:\WINDOWS\System32\MSASN1.dll
0x00007ffa78240000 - 0x00007ffa78266000 	C:\WINDOWS\SYSTEM32\ncrypt.dll
0x00007ffa78200000 - 0x00007ffa7823c000 	C:\WINDOWS\SYSTEM32\NTASN1.dll
0x00007ffa61470000 - 0x00007ffa61495000 	C:\Program Files\Java\jdk-11.0.8\bin\sunec.dll
0x00007ffa71ce0000 - 0x00007ffa71cea000 	C:\Windows\System32\rasadhlp.dll
0x00007ffa76310000 - 0x00007ffa76389000 	C:\WINDOWS\System32\fwpuclnt.dll

dbghelp: loaded successfully - version: 4.0.5 - missing functions: none
symbol engine: initialized successfully - sym options: 0x614 - pdb path: .;C:\Program Files\Java\jdk-11.0.8\bin;C:\WINDOWS\SYSTEM32;C:\WINDOWS\WinSxS\amd64_microsoft.windows.common-controls_6595b64144ccf1df_6.0.17763.1457_none_de7243e4534a70d1;C:\Program Files\Java\jdk-11.0.8\bin\server;C:\Users\miguel.lopez\AppData\Roaming\Code\User\globalStorage\redhat.java\0.69.0\config_win\org.eclipse.equinox.launcher\org.eclipse.equinox.launcher.win32.win32.x86_64_1.1.1300.v20200819-0940;C:\Users\miguel.lopez\AppData\Roaming\Code\User\globalStorage\redhat.java\0.69.0\config_win\org.eclipse.osgi\21\0\.cp

VM Arguments:
jvm_args: --add-modules=ALL-SYSTEM --add-opens=java.base/java.util=ALL-UNNAMED --add-opens=java.base/java.lang=ALL-UNNAMED -Declipse.application=org.eclipse.jdt.ls.core.id1 -Dosgi.bundles.defaultStartLevel=4 -Declipse.product=org.eclipse.jdt.ls.core.product -Dfile.encoding=utf8 -DwatchParentProcess=false -XX:+UseParallelGC -XX:GCTimeRatio=4 -XX:AdaptiveSizePolicyWeight=90 -Dsun.zip.disableMemoryMapping=true -Xmx1G -Xms100m -Xverify:none 
java_command: c:\Users\miguel.lopez\.vscode\extensions\redhat.java-0.69.0\server\plugins\org.eclipse.equinox.launcher_1.5.800.v20200727-1323.jar -configuration c:\Users\miguel.lopez\AppData\Roaming\Code\User\globalStorage\redhat.java\0.69.0\config_win -data c:\Users\miguel.lopez\AppData\Roaming\Code\User\workspaceStorage\ac6c5396f132c579195ff4800f1325a1\redhat.java\jdt_ws
java_class_path (initial): c:\Users\miguel.lopez\.vscode\extensions\redhat.java-0.69.0\server\plugins\org.eclipse.equinox.launcher_1.5.800.v20200727-1323.jar
Launcher Type: SUN_STANDARD

[Global flags]
    uintx AdaptiveSizePolicyWeight                 = 90                                        {product} {command line}
     bool BytecodeVerificationLocal                = false                                     {product} {command line}
     bool BytecodeVerificationRemote               = false                                     {product} {command line}
     intx CICompilerCount                          = 4                                         {product} {ergonomic}
    uintx GCTimeRatio                              = 4                                         {product} {command line}
   size_t InitialHeapSize                          = 104857600                                 {product} {command line}
   size_t MaxHeapSize                              = 1073741824                                {product} {command line}
   size_t MaxNewSize                               = 357564416                                 {product} {ergonomic}
   size_t MinHeapDeltaBytes                        = 524288                                    {product} {ergonomic}
   size_t NewSize                                  = 34603008                                  {product} {ergonomic}
    uintx NonNMethodCodeHeapSize                   = 5836300                                {pd product} {ergonomic}
    uintx NonProfiledCodeHeapSize                  = 122910970                              {pd product} {ergonomic}
   size_t OldSize                                  = 70254592                                  {product} {ergonomic}
    uintx ProfiledCodeHeapSize                     = 122910970                              {pd product} {ergonomic}
    uintx ReservedCodeCacheSize                    = 251658240                              {pd product} {ergonomic}
     bool SegmentedCodeCache                       = true                                      {product} {ergonomic}
     bool UseCompressedClassPointers               = true                                 {lp64_product} {ergonomic}
     bool UseCompressedOops                        = true                                 {lp64_product} {ergonomic}
     bool UseLargePagesIndividualAllocation        = false                                  {pd product} {ergonomic}
     bool UseParallelGC                            = true                                      {product} {command line}

Logging:
Log output configuration:
 #0: stdout all=warning uptime,level,tags
 #1: stderr all=off uptime,level,tags

Environment Variables:
JAVA_HOME=C:\Program Files\Java\jdk1.8.0_261
CLASSPATH=E:\SMARTPRICE\AS400\jtopen_10_4\lib\java8\jt400.jar
PATH=C:\Program Files\Java\jdk1.8.0_261\bin;C:\Program Files\Common Files\Oracle\Java\javapath;C:\Program Files (x86)\Common Files\Oracle\Java\javapath;C:\Windows\system32;C:\Windows;C:\Windows\System32\Wbem;C:\Windows\System32\WindowsPowerShell\v1.0\;C:\Program Files\PuTTY\;C:\Program Files\Git\cmd;C:\Users\miguel.lopez\AppData\Roaming\npm;C:\Users\miguel.lopez\AppData\Local\Microsoft\WindowsApps;C:\ProgramData\chocolatey\bin;C:\Gradle\bin;C:\WINDOWS\system32;C:\WINDOWS;C:\WINDOWS\System32\Wbem;C:\WINDOWS\System32\WindowsPowerShell\v1.0\;C:\WINDOWS\System32\OpenSSH\;C:\Program Files\nodejs\;E:\INSTALADORES\apache-maven-3.6.3-bin\apache-maven-3.6.3\bin;C:\Program Files\PowerShell\7\;;C:\Program Files\Docker\Docker\resources\bin;C:\ProgramData\DockerDesktop\version-bin;C:\Users\miguel.lopez\AppData\Local\.meteor;C:\Users\miguel.lopez\AppData\Local\Programs\Microsoft VS Code\bin;C:\Program Files (x86)\Sophos\Sophos SSL VPN Client\bin
USERNAME=miguel.lopez
OS=Windows_NT
PROCESSOR_IDENTIFIER=Intel64 Family 6 Model 158 Stepping 9, GenuineIntel



---------------  S Y S T E M  ---------------

OS: Windows 10 , 64 bit Build 17763 (10.0.17763.475)
HyperV virtualization detected

CPU:total 8 (initial active 8) (4 cores per cpu, 2 threads per core) family 6 model 158 stepping 9, cmov, cx8, fxsr, mmx, sse, sse2, sse3, ssse3, sse4.1, sse4.2, popcnt, avx, avx2, aes, clmul, erms, rtm, 3dnowpref, lzcnt, ht, tsc, tscinvbit, bmi1, bmi2, adx, fma

Memory: 4k page, system-wide physical 16267M (1761M free)
TotalPageFile size 35563M (AvailPageFile size 9899M)
current process WorkingSet (physical memory assigned to process): 577M, peak: 835M
current process commit charge ("private bytes"): 627M, peak: 963M

vm_info: Java HotSpot(TM) 64-Bit Server VM (11.0.8+10-LTS) for windows-amd64 JRE (11.0.8+10-LTS), built on Jun 16 2020 05:53:08 by "mach5one" with unknown MS VC++:1916

END.
